{"C:\\Users\\Jeka\\Desktop\\Advanced ahj hw\\testing\\src\\app\\app.ts": {"path":"C:\\Users\\Jeka\\Desktop\\Advanced ahj hw\\testing\\src\\app\\app.ts","statementMap":{"0":{"start":{"line":1,"column":0},"end":{"line":1,"column":38}},"1":{"start":{"line":2,"column":0},"end":{"line":2,"column":48}},"2":{"start":{"line":3,"column":0},"end":{"line":3,"column":43}},"3":{"start":{"line":5,"column":37},"end":{"line":5,"column":39}},"4":{"start":{"line":7,"column":0},"end":{"line":19,"column":3}},"5":{"start":{"line":8,"column":19},"end":{"line":8,"column":51}},"6":{"start":{"line":9,"column":23},"end":{"line":9,"column":55}},"7":{"start":{"line":11,"column":4},"end":{"line":18,"column":5}},"8":{"start":{"line":12,"column":30},"end":{"line":12,"column":58}},"9":{"start":{"line":14,"column":8},"end":{"line":17,"column":9}},"10":{"start":{"line":15,"column":12},"end":{"line":15,"column":51}},"11":{"start":{"line":16,"column":12},"end":{"line":16,"column":41}},"12":{"start":{"line":21,"column":0},"end":{"line":37,"column":3}},"13":{"start":{"line":22,"column":24},"end":{"line":22,"column":109}},"14":{"start":{"line":23,"column":18},"end":{"line":23,"column":51}},"15":{"start":{"line":24,"column":22},"end":{"line":24,"column":60}},"16":{"start":{"line":26,"column":4},"end":{"line":34,"column":5}},"17":{"start":{"line":27,"column":24},"end":{"line":27,"column":45}},"18":{"start":{"line":28,"column":30},"end":{"line":28,"column":58}},"19":{"start":{"line":29,"column":8},"end":{"line":31,"column":49}},"20":{"start":{"line":33,"column":8},"end":{"line":33,"column":58}},"21":{"start":{"line":36,"column":4},"end":{"line":36,"column":34}},"22":{"start":{"line":39,"column":0},"end":{"line":42,"column":3}},"23":{"start":{"line":40,"column":18},"end":{"line":40,"column":51}},"24":{"start":{"line":41,"column":4},"end":{"line":41,"column":33}},"25":{"start":{"line":44,"column":0},"end":{"line":49,"column":3}},"26":{"start":{"line":45,"column":18},"end":{"line":45,"column":51}},"27":{"start":{"line":46,"column":4},"end":{"line":48,"column":5}},"28":{"start":{"line":47,"column":8},"end":{"line":47,"column":37}}},"fnMap":{"0":{"name":"(anonymous_0)","decl":{"start":{"line":7,"column":66},"end":{"line":7,"column":76}},"loc":{"start":{"line":7,"column":81},"end":{"line":19,"column":1}}},"1":{"name":"(anonymous_1)","decl":{"start":{"line":21,"column":67},"end":{"line":21,"column":null}},"loc":{"start":{"line":21,"column":67},"end":{"line":37,"column":1}}},"2":{"name":"(anonymous_2)","decl":{"start":{"line":39,"column":66},"end":{"line":39,"column":null}},"loc":{"start":{"line":39,"column":66},"end":{"line":42,"column":1}}},"3":{"name":"(anonymous_3)","decl":{"start":{"line":44,"column":33},"end":{"line":44,"column":43}},"loc":{"start":{"line":44,"column":48},"end":{"line":49,"column":1}}}},"branchMap":{"0":{"loc":{"start":{"line":7,"column":0},"end":{"line":19,"column":2}},"type":"cond-expr","locations":[{"start":{"line":7,"column":38},"end":{"line":7,"column":40}},{"start":{"line":7,"column":38},"end":{"line":19,"column":2}}]},"1":{"loc":{"start":{"line":7,"column":0},"end":{"line":7,"column":40}},"type":"binary-expr","locations":[{"start":{"line":7,"column":0},"end":{"line":7,"column":40}},{"start":{"line":7,"column":38},"end":{"line":7,"column":40}}]},"2":{"loc":{"start":{"line":11,"column":4},"end":{"line":18,"column":5}},"type":"if","locations":[{"start":{"line":11,"column":4},"end":{"line":18,"column":5}}]},"3":{"loc":{"start":{"line":14,"column":8},"end":{"line":17,"column":9}},"type":"if","locations":[{"start":{"line":14,"column":8},"end":{"line":17,"column":9}}]},"4":{"loc":{"start":{"line":21,"column":0},"end":{"line":37,"column":2}},"type":"cond-expr","locations":[{"start":{"line":21,"column":39},"end":{"line":21,"column":41}},{"start":{"line":21,"column":39},"end":{"line":37,"column":2}}]},"5":{"loc":{"start":{"line":21,"column":0},"end":{"line":21,"column":41}},"type":"binary-expr","locations":[{"start":{"line":21,"column":0},"end":{"line":21,"column":41}},{"start":{"line":21,"column":39},"end":{"line":21,"column":41}}]},"6":{"loc":{"start":{"line":26,"column":4},"end":{"line":34,"column":5}},"type":"if","locations":[{"start":{"line":26,"column":4},"end":{"line":34,"column":5}},{"start":{"line":32,"column":11},"end":{"line":34,"column":5}}]},"7":{"loc":{"start":{"line":26,"column":8},"end":{"line":26,"column":86}},"type":"binary-expr","locations":[{"start":{"line":26,"column":8},"end":{"line":26,"column":32}},{"start":{"line":26,"column":36},"end":{"line":26,"column":59}},{"start":{"line":26,"column":63},"end":{"line":26,"column":86}}]},"8":{"loc":{"start":{"line":29,"column":32},"end":{"line":31,"column":48}},"type":"cond-expr","locations":[{"start":{"line":30,"column":14},"end":{"line":30,"column":46}},{"start":{"line":31,"column":14},"end":{"line":31,"column":48}}]},"9":{"loc":{"start":{"line":39,"column":0},"end":{"line":42,"column":2}},"type":"cond-expr","locations":[{"start":{"line":39,"column":38},"end":{"line":39,"column":40}},{"start":{"line":39,"column":38},"end":{"line":42,"column":2}}]},"10":{"loc":{"start":{"line":39,"column":0},"end":{"line":39,"column":40}},"type":"binary-expr","locations":[{"start":{"line":39,"column":0},"end":{"line":39,"column":40}},{"start":{"line":39,"column":38},"end":{"line":39,"column":40}}]},"11":{"loc":{"start":{"line":46,"column":4},"end":{"line":48,"column":5}},"type":"if","locations":[{"start":{"line":46,"column":4},"end":{"line":48,"column":5}}]}},"s":{"0":1,"1":1,"2":1,"3":1,"4":1,"5":0,"6":0,"7":0,"8":0,"9":0,"10":0,"11":0,"12":1,"13":0,"14":0,"15":0,"16":0,"17":0,"18":0,"19":0,"20":0,"21":0,"22":1,"23":0,"24":0,"25":1,"26":4,"27":4,"28":0},"f":{"0":0,"1":0,"2":0,"3":4},"b":{"0":[1,0],"1":[1,0],"2":[0],"3":[0],"4":[1,0],"5":[1,0],"6":[0,0],"7":[0,0,0],"8":[0,0],"9":[1,0],"10":[1,0],"11":[0]}}
,"C:\\Users\\Jeka\\Desktop\\Advanced ahj hw\\testing\\src\\app\\domUtils.ts": {"path":"C:\\Users\\Jeka\\Desktop\\Advanced ahj hw\\testing\\src\\app\\domUtils.ts","statementMap":{"0":{"start":{"line":1,"column":0},"end":{"line":1,"column":16}},"1":{"start":{"line":2,"column":18},"end":{"line":2,"column":52}},"2":{"start":{"line":3,"column":4},"end":{"line":5,"column":7}},"3":{"start":{"line":4,"column":8},"end":{"line":4,"column":40}},"4":{"start":{"line":7,"column":4},"end":{"line":31,"column":5}},"5":{"start":{"line":9,"column":12},"end":{"line":9,"column":73}},"6":{"start":{"line":10,"column":12},"end":{"line":10,"column":18}},"7":{"start":{"line":12,"column":12},"end":{"line":12,"column":79}},"8":{"start":{"line":13,"column":12},"end":{"line":13,"column":18}},"9":{"start":{"line":15,"column":12},"end":{"line":15,"column":73}},"10":{"start":{"line":16,"column":12},"end":{"line":16,"column":18}},"11":{"start":{"line":18,"column":12},"end":{"line":18,"column":77}},"12":{"start":{"line":19,"column":12},"end":{"line":19,"column":18}},"13":{"start":{"line":21,"column":12},"end":{"line":21,"column":72}},"14":{"start":{"line":22,"column":12},"end":{"line":22,"column":18}},"15":{"start":{"line":24,"column":12},"end":{"line":24,"column":75}},"16":{"start":{"line":25,"column":12},"end":{"line":25,"column":18}},"17":{"start":{"line":27,"column":12},"end":{"line":27,"column":72}},"18":{"start":{"line":28,"column":12},"end":{"line":28,"column":18}},"19":{"start":{"line":30,"column":12},"end":{"line":30,"column":18}}},"fnMap":{"0":{"name":"highlightIcon","decl":{"start":{"line":1,"column":16},"end":{"line":1,"column":29}},"loc":{"start":{"line":1,"column":51},"end":{"line":32,"column":1}}},"1":{"name":"(anonymous_1)","decl":{"start":{"line":3,"column":18},"end":{"line":3,"column":22}},"loc":{"start":{"line":3,"column":22},"end":{"line":5,"column":5}}}},"branchMap":{"0":{"loc":{"start":{"line":7,"column":4},"end":{"line":31,"column":5}},"type":"switch","locations":[{"start":{"line":8,"column":8},"end":{"line":10,"column":18}},{"start":{"line":11,"column":8},"end":{"line":13,"column":18}},{"start":{"line":14,"column":8},"end":{"line":16,"column":18}},{"start":{"line":17,"column":8},"end":{"line":19,"column":18}},{"start":{"line":20,"column":8},"end":{"line":22,"column":18}},{"start":{"line":23,"column":8},"end":{"line":25,"column":18}},{"start":{"line":26,"column":8},"end":{"line":28,"column":18}},{"start":{"line":29,"column":8},"end":{"line":30,"column":18}}]},"1":{"loc":{"start":{"line":9,"column":12},"end":{"line":9,"column":72}},"type":"cond-expr","locations":[{"start":{"line":9,"column":47},"end":{"line":9,"column":49}},{"start":{"line":9,"column":47},"end":{"line":9,"column":72}}]},"2":{"loc":{"start":{"line":9,"column":12},"end":{"line":9,"column":49}},"type":"binary-expr","locations":[{"start":{"line":9,"column":12},"end":{"line":9,"column":49}},{"start":{"line":9,"column":47},"end":{"line":9,"column":49}}]},"3":{"loc":{"start":{"line":12,"column":12},"end":{"line":12,"column":78}},"type":"cond-expr","locations":[{"start":{"line":12,"column":53},"end":{"line":12,"column":55}},{"start":{"line":12,"column":53},"end":{"line":12,"column":78}}]},"4":{"loc":{"start":{"line":12,"column":12},"end":{"line":12,"column":55}},"type":"binary-expr","locations":[{"start":{"line":12,"column":12},"end":{"line":12,"column":55}},{"start":{"line":12,"column":53},"end":{"line":12,"column":55}}]},"5":{"loc":{"start":{"line":15,"column":12},"end":{"line":15,"column":72}},"type":"cond-expr","locations":[{"start":{"line":15,"column":47},"end":{"line":15,"column":49}},{"start":{"line":15,"column":47},"end":{"line":15,"column":72}}]},"6":{"loc":{"start":{"line":15,"column":12},"end":{"line":15,"column":49}},"type":"binary-expr","locations":[{"start":{"line":15,"column":12},"end":{"line":15,"column":49}},{"start":{"line":15,"column":47},"end":{"line":15,"column":49}}]},"7":{"loc":{"start":{"line":18,"column":12},"end":{"line":18,"column":76}},"type":"cond-expr","locations":[{"start":{"line":18,"column":51},"end":{"line":18,"column":53}},{"start":{"line":18,"column":51},"end":{"line":18,"column":76}}]},"8":{"loc":{"start":{"line":18,"column":12},"end":{"line":18,"column":53}},"type":"binary-expr","locations":[{"start":{"line":18,"column":12},"end":{"line":18,"column":53}},{"start":{"line":18,"column":51},"end":{"line":18,"column":53}}]},"9":{"loc":{"start":{"line":21,"column":12},"end":{"line":21,"column":71}},"type":"cond-expr","locations":[{"start":{"line":21,"column":46},"end":{"line":21,"column":48}},{"start":{"line":21,"column":46},"end":{"line":21,"column":71}}]},"10":{"loc":{"start":{"line":21,"column":12},"end":{"line":21,"column":48}},"type":"binary-expr","locations":[{"start":{"line":21,"column":12},"end":{"line":21,"column":48}},{"start":{"line":21,"column":46},"end":{"line":21,"column":48}}]},"11":{"loc":{"start":{"line":24,"column":12},"end":{"line":24,"column":74}},"type":"cond-expr","locations":[{"start":{"line":24,"column":49},"end":{"line":24,"column":51}},{"start":{"line":24,"column":49},"end":{"line":24,"column":74}}]},"12":{"loc":{"start":{"line":24,"column":12},"end":{"line":24,"column":51}},"type":"binary-expr","locations":[{"start":{"line":24,"column":12},"end":{"line":24,"column":51}},{"start":{"line":24,"column":49},"end":{"line":24,"column":51}}]},"13":{"loc":{"start":{"line":27,"column":12},"end":{"line":27,"column":71}},"type":"cond-expr","locations":[{"start":{"line":27,"column":46},"end":{"line":27,"column":48}},{"start":{"line":27,"column":46},"end":{"line":27,"column":71}}]},"14":{"loc":{"start":{"line":27,"column":12},"end":{"line":27,"column":48}},"type":"binary-expr","locations":[{"start":{"line":27,"column":12},"end":{"line":27,"column":48}},{"start":{"line":27,"column":46},"end":{"line":27,"column":48}}]}},"s":{"0":2,"1":8,"2":8,"3":56,"4":8,"5":1,"6":1,"7":1,"8":1,"9":1,"10":1,"11":1,"12":1,"13":1,"14":1,"15":1,"16":1,"17":1,"18":1,"19":1},"f":{"0":8,"1":56},"b":{"0":[1,1,1,1,1,1,1,1],"1":[0,1],"2":[1,1],"3":[0,1],"4":[1,1],"5":[0,1],"6":[1,1],"7":[0,1],"8":[1,1],"9":[0,1],"10":[1,1],"11":[0,1],"12":[1,1],"13":[0,1],"14":[1,1]}}
,"C:\\Users\\Jeka\\Desktop\\Advanced ahj hw\\testing\\src\\app\\luhnAlg.ts": {"path":"C:\\Users\\Jeka\\Desktop\\Advanced ahj hw\\testing\\src\\app\\luhnAlg.ts","statementMap":{"0":{"start":{"line":1,"column":0},"end":{"line":1,"column":16}},"1":{"start":{"line":2,"column":12},"end":{"line":2,"column":13}},"2":{"start":{"line":3,"column":21},"end":{"line":3,"column":26}},"3":{"start":{"line":5,"column":2},"end":{"line":17,"column":3}},"4":{"start":{"line":5,"column":15},"end":{"line":5,"column":36}},"5":{"start":{"line":6,"column":18},"end":{"line":6,"column":45}},"6":{"start":{"line":8,"column":6},"end":{"line":13,"column":7}},"7":{"start":{"line":9,"column":10},"end":{"line":9,"column":21}},"8":{"start":{"line":10,"column":10},"end":{"line":12,"column":11}},"9":{"start":{"line":11,"column":14},"end":{"line":11,"column":25}},"10":{"start":{"line":15,"column":6},"end":{"line":15,"column":19}},"11":{"start":{"line":16,"column":6},"end":{"line":16,"column":35}},"12":{"start":{"line":19,"column":2},"end":{"line":19,"column":24}}},"fnMap":{"0":{"name":"luhnCheck","decl":{"start":{"line":1,"column":16},"end":{"line":1,"column":25}},"loc":{"start":{"line":1,"column":44},"end":{"line":20,"column":1}}}},"branchMap":{"0":{"loc":{"start":{"line":8,"column":6},"end":{"line":13,"column":7}},"type":"if","locations":[{"start":{"line":8,"column":6},"end":{"line":13,"column":7}}]},"1":{"loc":{"start":{"line":10,"column":10},"end":{"line":12,"column":11}},"type":"if","locations":[{"start":{"line":10,"column":10},"end":{"line":12,"column":11}}]}},"s":{"0":2,"1":2,"2":2,"3":2,"4":2,"5":32,"6":32,"7":16,"8":16,"9":6,"10":32,"11":32,"12":2},"f":{"0":2},"b":{"0":[16],"1":[6]}}
,"C:\\Users\\Jeka\\Desktop\\Advanced ahj hw\\testing\\src\\app\\paymentSys.ts": {"path":"C:\\Users\\Jeka\\Desktop\\Advanced ahj hw\\testing\\src\\app\\paymentSys.ts","statementMap":{"0":{"start":{"line":1,"column":0},"end":{"line":1,"column":16}},"1":{"start":{"line":2,"column":22},"end":{"line":2,"column":49}},"2":{"start":{"line":3,"column":28},"end":{"line":3,"column":67}},"3":{"start":{"line":4,"column":22},"end":{"line":4,"column":40}},"4":{"start":{"line":5,"column":26},"end":{"line":5,"column":57}},"5":{"start":{"line":6,"column":21},"end":{"line":6,"column":52}},"6":{"start":{"line":7,"column":24},"end":{"line":7,"column":58}},"7":{"start":{"line":8,"column":21},"end":{"line":8,"column":42}},"8":{"start":{"line":10,"column":4},"end":{"line":26,"column":5}},"9":{"start":{"line":11,"column":8},"end":{"line":11,"column":22}},"10":{"start":{"line":12,"column":11},"end":{"line":26,"column":5}},"11":{"start":{"line":13,"column":8},"end":{"line":13,"column":28}},"12":{"start":{"line":14,"column":11},"end":{"line":26,"column":5}},"13":{"start":{"line":15,"column":8},"end":{"line":15,"column":34}},"14":{"start":{"line":16,"column":11},"end":{"line":26,"column":5}},"15":{"start":{"line":17,"column":8},"end":{"line":17,"column":26}},"16":{"start":{"line":18,"column":11},"end":{"line":26,"column":5}},"17":{"start":{"line":19,"column":8},"end":{"line":19,"column":21}},"18":{"start":{"line":20,"column":11},"end":{"line":26,"column":5}},"19":{"start":{"line":21,"column":8},"end":{"line":21,"column":29}},"20":{"start":{"line":22,"column":11},"end":{"line":26,"column":5}},"21":{"start":{"line":23,"column":8},"end":{"line":23,"column":21}},"22":{"start":{"line":25,"column":8},"end":{"line":25,"column":25}}},"fnMap":{"0":{"name":"getPaymentSystem","decl":{"start":{"line":1,"column":16},"end":{"line":1,"column":32}},"loc":{"start":{"line":1,"column":51},"end":{"line":27,"column":1}}}},"branchMap":{"0":{"loc":{"start":{"line":10,"column":4},"end":{"line":26,"column":5}},"type":"if","locations":[{"start":{"line":10,"column":4},"end":{"line":26,"column":5}},{"start":{"line":12,"column":11},"end":{"line":26,"column":5}}]},"1":{"loc":{"start":{"line":12,"column":11},"end":{"line":26,"column":5}},"type":"if","locations":[{"start":{"line":12,"column":11},"end":{"line":26,"column":5}},{"start":{"line":14,"column":11},"end":{"line":26,"column":5}}]},"2":{"loc":{"start":{"line":14,"column":11},"end":{"line":26,"column":5}},"type":"if","locations":[{"start":{"line":14,"column":11},"end":{"line":26,"column":5}},{"start":{"line":16,"column":11},"end":{"line":26,"column":5}}]},"3":{"loc":{"start":{"line":16,"column":11},"end":{"line":26,"column":5}},"type":"if","locations":[{"start":{"line":16,"column":11},"end":{"line":26,"column":5}},{"start":{"line":18,"column":11},"end":{"line":26,"column":5}}]},"4":{"loc":{"start":{"line":18,"column":11},"end":{"line":26,"column":5}},"type":"if","locations":[{"start":{"line":18,"column":11},"end":{"line":26,"column":5}},{"start":{"line":20,"column":11},"end":{"line":26,"column":5}}]},"5":{"loc":{"start":{"line":20,"column":11},"end":{"line":26,"column":5}},"type":"if","locations":[{"start":{"line":20,"column":11},"end":{"line":26,"column":5}},{"start":{"line":22,"column":11},"end":{"line":26,"column":5}}]},"6":{"loc":{"start":{"line":22,"column":11},"end":{"line":26,"column":5}},"type":"if","locations":[{"start":{"line":22,"column":11},"end":{"line":26,"column":5}},{"start":{"line":24,"column":11},"end":{"line":26,"column":5}}]}},"s":{"0":2,"1":8,"2":8,"3":8,"4":8,"5":8,"6":8,"7":8,"8":8,"9":1,"10":7,"11":1,"12":6,"13":1,"14":5,"15":1,"16":4,"17":1,"18":3,"19":1,"20":2,"21":1,"22":1},"f":{"0":8},"b":{"0":[1,7],"1":[1,6],"2":[1,5],"3":[1,4],"4":[1,3],"5":[1,2],"6":[1,1]}}
}
