TN:
SF:src\app\app.ts
FN:7,(anonymous_0)
FN:21,(anonymous_1)
FN:39,(anonymous_2)
FN:44,(anonymous_3)
FNF:4
FNH:1
FNDA:0,(anonymous_0)
FNDA:0,(anonymous_1)
FNDA:0,(anonymous_2)
FNDA:4,(anonymous_3)
DA:1,1
DA:2,1
DA:3,1
DA:5,1
DA:7,1
DA:8,0
DA:9,0
DA:11,0
DA:12,0
DA:14,0
DA:15,0
DA:16,0
DA:21,1
DA:22,0
DA:23,0
DA:24,0
DA:26,0
DA:27,0
DA:28,0
DA:29,0
DA:33,0
DA:36,0
DA:39,1
DA:40,0
DA:41,0
DA:44,1
DA:45,4
DA:46,4
DA:47,0
LF:29
LH:10
BRDA:7,0,0,1
BRDA:7,0,1,0
BRDA:7,1,0,1
BRDA:7,1,1,0
BRDA:11,2,0,0
BRDA:14,3,0,0
BRDA:21,4,0,1
BRDA:21,4,1,0
BRDA:21,5,0,1
BRDA:21,5,1,0
BRDA:26,6,0,0
BRDA:26,6,1,0
BRDA:26,7,0,0
BRDA:26,7,1,0
BRDA:26,7,2,0
BRDA:29,8,0,0
BRDA:29,8,1,0
BRDA:39,9,0,1
BRDA:39,9,1,0
BRDA:39,10,0,1
BRDA:39,10,1,0
BRDA:46,11,0,0
BRF:22
BRH:6
end_of_record
TN:
SF:src\app\domUtils.ts
FN:1,highlightIcon
FN:3,(anonymous_1)
FNF:2
FNH:2
FNDA:8,highlightIcon
FNDA:56,(anonymous_1)
DA:1,2
DA:2,8
DA:3,8
DA:4,56
DA:7,8
DA:9,1
DA:10,1
DA:12,1
DA:13,1
DA:15,1
DA:16,1
DA:18,1
DA:19,1
DA:21,1
DA:22,1
DA:24,1
DA:25,1
DA:27,1
DA:28,1
DA:30,1
LF:20
LH:20
BRDA:7,0,0,1
BRDA:7,0,1,1
BRDA:7,0,2,1
BRDA:7,0,3,1
BRDA:7,0,4,1
BRDA:7,0,5,1
BRDA:7,0,6,1
BRDA:7,0,7,1
BRDA:9,1,0,0
BRDA:9,1,1,1
BRDA:9,2,0,1
BRDA:9,2,1,1
BRDA:12,3,0,0
BRDA:12,3,1,1
BRDA:12,4,0,1
BRDA:12,4,1,1
BRDA:15,5,0,0
BRDA:15,5,1,1
BRDA:15,6,0,1
BRDA:15,6,1,1
BRDA:18,7,0,0
BRDA:18,7,1,1
BRDA:18,8,0,1
BRDA:18,8,1,1
BRDA:21,9,0,0
BRDA:21,9,1,1
BRDA:21,10,0,1
BRDA:21,10,1,1
BRDA:24,11,0,0
BRDA:24,11,1,1
BRDA:24,12,0,1
BRDA:24,12,1,1
BRDA:27,13,0,0
BRDA:27,13,1,1
BRDA:27,14,0,1
BRDA:27,14,1,1
BRF:36
BRH:29
end_of_record
TN:
SF:src\app\luhnAlg.ts
FN:1,luhnCheck
FNF:1
FNH:1
FNDA:2,luhnCheck
DA:1,2
DA:2,2
DA:3,2
DA:5,2
DA:6,32
DA:8,32
DA:9,16
DA:10,16
DA:11,6
DA:15,32
DA:16,32
DA:19,2
LF:12
LH:12
BRDA:8,0,0,16
BRDA:10,1,0,6
BRF:2
BRH:2
end_of_record
TN:
SF:src\app\paymentSys.ts
FN:1,getPaymentSystem
FNF:1
FNH:1
FNDA:8,getPaymentSystem
DA:1,2
DA:2,8
DA:3,8
DA:4,8
DA:5,8
DA:6,8
DA:7,8
DA:8,8
DA:10,8
DA:11,1
DA:12,7
DA:13,1
DA:14,6
DA:15,1
DA:16,5
DA:17,1
DA:18,4
DA:19,1
DA:20,3
DA:21,1
DA:22,2
DA:23,1
DA:25,1
LF:23
LH:23
BRDA:10,0,0,1
BRDA:10,0,1,7
BRDA:12,1,0,1
BRDA:12,1,1,6
BRDA:14,2,0,1
BRDA:14,2,1,5
BRDA:16,3,0,1
BRDA:16,3,1,4
BRDA:18,4,0,1
BRDA:18,4,1,3
BRDA:20,5,0,1
BRDA:20,5,1,2
BRDA:22,6,0,1
BRDA:22,6,1,1
BRF:14
BRH:14
end_of_record
